Arguments: 
  /opt/homebrew/Cellar/node/18.5.0/bin/node /opt/homebrew/Cellar/yarn/1.22.19/libexec/bin/yarn.js

PATH: 
  /Library/Frameworks/Python.framework/Versions/3.10/bin:/opt/homebrew/bin:/opt/homebrew/sbin:/usr/local/bin:/usr/bin:/bin:/usr/sbin:/sbin:/Library/Frameworks/Python.framework/Versions/3.10/bin:/opt/homebrew/bin:/opt/homebrew/sbin

Yarn version: 
  1.22.19

Node version: 
  18.5.0

Platform: 
  darwin arm64

Trace: 
  Error: https://registry.yarnpkg.com/@type-challenges%2futils: ETIMEDOUT
      at Timeout._onTimeout (/opt/homebrew/Cellar/yarn/1.22.19/libexec/lib/cli.js:141550:19)
      at listOnTimeout (node:internal/timers:564:17)
      at process.processTimers (node:internal/timers:507:7)

npm manifest: 
  {
    "name": "vuepress-theme-reco-demo",
    "version": "2.0.0",
    "description": "Demo for vuepress-theme-reco@2.x.",
    "repository": "git@github.com:recoluan/vuepress-theme-reco-demo.git",
    "author": "reco_luan <recoluan@outlook.com>",
    "license": "MIT",
    "scripts": {
      "dev": "vuepress dev .",
      "start": "vuepress dev .",
      "build": "vuepress build ."
    },
    "dependencies": {
      "@type-challenges/utils": "^0.1.1",
      "less": "^4.1.3",
      "vuepress": "2.0.0-beta.51",
      "vuepress-theme-reco": "2.0.0-beta.41"
    },
    "devDependencies": {
      "vuepress-plugin-sitemap2": "^2.0.0-beta.99"
    }
  }

yarn manifest: 
  No manifest

Lockfile: 
  No lockfile
